# JRE version: OpenJDK Runtime Environment (17.0.6) (build 17.0.6+0-b2043.56-10027231)
# Java VM: OpenJDK 64-Bit Server VM (17.0.6+0-b2043.56-10027231, mixed mode, tiered, compressed oops, compressed class ptrs, g1 gc, windows-amd64)
GC Precious Log:
 CPUs: 8 total, 8 available
 Memory: 8072M
 Large Page Support: Disabled
 NUMA Support: Disabled
 Compressed Oops: Enabled (32-bit)
 Heap Region Size: 1M
 Heap Min Capacity: 8M
 Heap Initial Capacity: 128M
 Heap Max Capacity: 2G
 Pre-touch: Disabled
 Parallel Workers: 8
 Concurrent Workers: 2
 Concurrent Refinement Workers: 8
 Periodic GC: Disabled
Heap:
 garbage-first heap   total 91136K, used 34017K [0x0000000080000000, 0x0000000100000000)
  region size 1024K, 6 young (6144K), 5 survivors (5120K)
 Metaspace       used 52386K, committed 52800K, reserved 1097728K
  class space    used 7037K, committed 7232K, reserved 1048576K
GC Heap History (20 events):
Event: 6.280 GC heap before
{Heap before GC invocations=2 (full 0):
 garbage-first heap   total 131072K, used 51024K [0x0000000080000000, 0x0000000100000000)
  region size 1024K, 41 young (41984K), 4 survivors (4096K)
 Metaspace       used 21202K, committed 21504K, reserved 1073152K
  class space    used 2571K, committed 2752K, reserved 1048576K
}
Event: 6.289 GC heap after
{Heap after GC invocations=3 (full 0):
 garbage-first heap   total 131072K, used 18579K [0x0000000080000000, 0x0000000100000000)
  region size 1024K, 9 young (9216K), 9 survivors (9216K)
 Metaspace       used 21202K, committed 21504K, reserved 1073152K
  class space    used 2571K, committed 2752K, reserved 1048576K
}
Event: 7.429 GC heap before
{Heap before GC invocations=4 (full 0):
 garbage-first heap   total 68608K, used 50323K [0x0000000080000000, 0x0000000100000000)
  region size 1024K, 40 young (40960K), 9 survivors (9216K)
 Metaspace       used 26081K, committed 26368K, reserved 1073152K
  class space    used 3420K, committed 3584K, reserved 1048576K
}
Event: 7.441 GC heap after
{Heap after GC invocations=5 (full 0):
 garbage-first heap   total 68608K, used 20447K [0x0000000080000000, 0x0000000100000000)
  region size 1024K, 3 young (3072K), 3 survivors (3072K)
 Metaspace       used 26081K, committed 26368K, reserved 1073152K
  class space    used 3420K, committed 3584K, reserved 1048576K
}
Event: 7.475 GC heap before
{Heap before GC invocations=5 (full 0):
 garbage-first heap   total 68608K, used 20447K [0x0000000080000000, 0x0000000100000000)
  region size 1024K, 4 young (4096K), 3 survivors (3072K)
 Metaspace       used 26198K, committed 26496K, reserved 1073152K
  class space    used 3443K, committed 3584K, reserved 1048576K
}
Event: 7.479 GC heap after
{Heap after GC invocations=6 (full 0):
 garbage-first heap   total 68608K, used 20492K [0x0000000080000000, 0x0000000100000000)
  region size 1024K, 1 young (1024K), 1 survivors (1024K)
 Metaspace       used 26198K, committed 26496K, reserved 1073152K
  class space    used 3443K, committed 3584K, reserved 1048576K
}
Event: 8.192 GC heap before
{Heap before GC invocations=6 (full 0):
 garbage-first heap   total 68608K, used 47116K [0x0000000080000000, 0x0000000100000000)
  region size 1024K, 27 young (27648K), 1 survivors (1024K)
 Metaspace       used 30340K, committed 30592K, reserved 1081344K
  class space    used 4120K, committed 4224K, reserved 1048576K
}
Event: 8.196 GC heap after
{Heap after GC invocations=7 (full 0):
 garbage-first heap   total 68608K, used 21755K [0x0000000080000000, 0x0000000100000000)
  region size 1024K, 2 young (2048K), 2 survivors (2048K)
 Metaspace       used 30340K, committed 30592K, reserved 1081344K
  class space    used 4120K, committed 4224K, reserved 1048576K
}
Event: 8.823 GC heap before
{Heap before GC invocations=7 (full 0):
 garbage-first heap   total 68608K, used 49403K [0x0000000080000000, 0x0000000100000000)
  region size 1024K, 29 young (29696K), 2 survivors (2048K)
 Metaspace       used 34870K, committed 35200K, reserved 1081344K
  class space    used 4832K, committed 4992K, reserved 1048576K
}
Event: 8.828 GC heap after
{Heap after GC invocations=8 (full 0):
 garbage-first heap   total 68608K, used 23418K [0x0000000080000000, 0x0000000100000000)
  region size 1024K, 4 young (4096K), 4 survivors (4096K)
 Metaspace       used 34870K, committed 35200K, reserved 1081344K
  class space    used 4832K, committed 4992K, reserved 1048576K
}
Event: 8.901 GC heap before
{Heap before GC invocations=8 (full 0):
 garbage-first heap   total 68608K, used 25466K [0x0000000080000000, 0x0000000100000000)
  region size 1024K, 8 young (8192K), 4 survivors (4096K)
 Metaspace       used 35634K, committed 35968K, reserved 1081344K
  class space    used 4878K, committed 5056K, reserved 1048576K
}
Event: 8.906 GC heap after
{Heap after GC invocations=9 (full 0):
 garbage-first heap   total 68608K, used 24020K [0x0000000080000000, 0x0000000100000000)
  region size 1024K, 3 young (3072K), 3 survivors (3072K)
 Metaspace       used 35634K, committed 35968K, reserved 1081344K
  class space    used 4878K, committed 5056K, reserved 1048576K
}
Event: 9.536 GC heap before
{Heap before GC invocations=10 (full 0):
 garbage-first heap   total 68608K, used 48596K [0x0000000080000000, 0x0000000100000000)
  region size 1024K, 28 young (28672K), 3 survivors (3072K)
 Metaspace       used 40387K, committed 40768K, reserved 1089536K
  class space    used 5357K, committed 5504K, reserved 1048576K
}
Event: 9.543 GC heap after
{Heap after GC invocations=11 (full 0):
 garbage-first heap   total 68608K, used 28120K [0x0000000080000000, 0x0000000100000000)
  region size 1024K, 4 young (4096K), 4 survivors (4096K)
 Metaspace       used 40387K, committed 40768K, reserved 1089536K
  class space    used 5357K, committed 5504K, reserved 1048576K
}
Event: 10.019 GC heap before
{Heap before GC invocations=11 (full 0):
 garbage-first heap   total 68608K, used 54744K [0x0000000080000000, 0x0000000100000000)
  region size 1024K, 27 young (27648K), 4 survivors (4096K)
 Metaspace       used 43096K, committed 43520K, reserved 1089536K
  class space    used 5661K, committed 5824K, reserved 1048576K
}
Event: 10.026 GC heap after
{Heap after GC invocations=12 (full 0):
 garbage-first heap   total 91136K, used 29571K [0x0000000080000000, 0x0000000100000000)
  region size 1024K, 3 young (3072K), 3 survivors (3072K)
 Metaspace       used 43096K, committed 43520K, reserved 1089536K
  class space    used 5661K, committed 5824K, reserved 1048576K
}
Event: 10.871 GC heap before
{Heap before GC invocations=12 (full 0):
 garbage-first heap   total 91136K, used 68483K [0x0000000080000000, 0x0000000100000000)
  region size 1024K, 41 young (41984K), 3 survivors (3072K)
 Metaspace       used 47204K, committed 47744K, reserved 1097728K
  class space    used 6228K, committed 6464K, reserved 1048576K
}
Event: 10.877 GC heap after
{Heap after GC invocations=13 (full 0):
 garbage-first heap   total 91136K, used 32117K [0x0000000080000000, 0x0000000100000000)
  region size 1024K, 5 young (5120K), 5 survivors (5120K)
 Metaspace       used 47204K, committed 47744K, reserved 1097728K
  class space    used 6228K, committed 6464K, reserved 1048576K
}
Event: 12.714 GC heap before
{Heap before GC invocations=13 (full 0):
 garbage-first heap   total 91136K, used 70005K [0x0000000080000000, 0x0000000100000000)
  region size 1024K, 42 young (43008K), 5 survivors (5120K)
 Metaspace       used 52344K, committed 52800K, reserved 1097728K
  class space    used 7032K, committed 7232K, reserved 1048576K
}
Event: 12.730 GC heap after
{Heap after GC invocations=14 (full 0):
 garbage-first heap   total 91136K, used 34017K [0x0000000080000000, 0x0000000100000000)
  region size 1024K, 5 young (5120K), 5 survivors (5120K)
 Metaspace       used 52344K, committed 52800K, reserved 1097728K
  class space    used 7032K, committed 7232K, reserved 1048576K
}

