# JRE version: OpenJDK Runtime Environment (17.0.6) (build 17.0.6+0-b2043.56-10027231)
# Java VM: OpenJDK 64-Bit Server VM (17.0.6+0-b2043.56-10027231, mixed mode, tiered, compressed oops, compressed class ptrs, g1 gc, windows-amd64)
GC Precious Log:
 CPUs: 8 total, 8 available
 Memory: 8072M
 Large Page Support: Disabled
 NUMA Support: Disabled
 Compressed Oops: Enabled (32-bit)
 Heap Region Size: 1M
 Heap Min Capacity: 8M
 Heap Initial Capacity: 128M
 Heap Max Capacity: 2G
 Pre-touch: Disabled
 Parallel Workers: 8
 Concurrent Workers: 2
 Concurrent Refinement Workers: 8
 Periodic GC: Disabled
Heap:
 garbage-first heap   total 433152K, used 318975K [0x0000000080000000, 0x0000000100000000)
  region size 1024K, 4 young (4096K), 4 survivors (4096K)
 Metaspace       used 100922K, committed 101696K, reserved 1138688K
  class space    used 13883K, committed 14272K, reserved 1048576K
GC Heap History (20 events):
Event: 25.004 GC heap after
{Heap after GC invocations=40 (full 0):
 garbage-first heap   total 186368K, used 94312K [0x0000000080000000, 0x0000000100000000)
  region size 1024K, 5 young (5120K), 5 survivors (5120K)
 Metaspace       used 91426K, committed 92160K, reserved 1130496K
  class space    used 12497K, committed 12864K, reserved 1048576K
}
Event: 25.908 GC heap before
{Heap before GC invocations=41 (full 0):
 garbage-first heap   total 186368K, used 142440K [0x0000000080000000, 0x0000000100000000)
  region size 1024K, 56 young (57344K), 5 survivors (5120K)
 Metaspace       used 91777K, committed 92480K, reserved 1130496K
  class space    used 12532K, committed 12864K, reserved 1048576K
}
Event: 25.919 GC heap after
{Heap after GC invocations=42 (full 0):
 garbage-first heap   total 186368K, used 94207K [0x0000000080000000, 0x0000000100000000)
  region size 1024K, 6 young (6144K), 6 survivors (6144K)
 Metaspace       used 91777K, committed 92480K, reserved 1130496K
  class space    used 12532K, committed 12864K, reserved 1048576K
}
Event: 25.947 GC heap before
{Heap before GC invocations=42 (full 0):
 garbage-first heap   total 186368K, used 96255K [0x0000000080000000, 0x0000000100000000)
  region size 1024K, 9 young (9216K), 6 survivors (6144K)
 Metaspace       used 91783K, committed 92480K, reserved 1130496K
  class space    used 12532K, committed 12864K, reserved 1048576K
}
Event: 25.955 GC heap after
{Heap after GC invocations=43 (full 0):
 garbage-first heap   total 186368K, used 93319K [0x0000000080000000, 0x0000000100000000)
  region size 1024K, 2 young (2048K), 2 survivors (2048K)
 Metaspace       used 91783K, committed 92480K, reserved 1130496K
  class space    used 12532K, committed 12864K, reserved 1048576K
}
Event: 26.359 GC heap before
{Heap before GC invocations=43 (full 0):
 garbage-first heap   total 186368K, used 146567K [0x0000000080000000, 0x0000000100000000)
  region size 1024K, 54 young (55296K), 2 survivors (2048K)
 Metaspace       used 91871K, committed 92544K, reserved 1130496K
  class space    used 12535K, committed 12864K, reserved 1048576K
}
Event: 26.368 GC heap after
{Heap after GC invocations=44 (full 0):
 garbage-first heap   total 402432K, used 97697K [0x0000000080000000, 0x0000000100000000)
  region size 1024K, 6 young (6144K), 6 survivors (6144K)
 Metaspace       used 91871K, committed 92544K, reserved 1130496K
  class space    used 12535K, committed 12864K, reserved 1048576K
}
Event: 31.122 GC heap before
{Heap before GC invocations=45 (full 0):
 garbage-first heap   total 368640K, used 327073K [0x0000000080000000, 0x0000000100000000)
  region size 1024K, 220 young (225280K), 6 survivors (6144K)
 Metaspace       used 94459K, committed 95104K, reserved 1138688K
  class space    used 12811K, committed 13120K, reserved 1048576K
}
Event: 31.140 GC heap after
{Heap after GC invocations=46 (full 0):
 garbage-first heap   total 368640K, used 124337K [0x0000000080000000, 0x0000000100000000)
  region size 1024K, 22 young (22528K), 22 survivors (22528K)
 Metaspace       used 94459K, committed 95104K, reserved 1138688K
  class space    used 12811K, committed 13120K, reserved 1048576K
}
Event: 31.165 GC heap before
{Heap before GC invocations=46 (full 0):
 garbage-first heap   total 368640K, used 124337K [0x0000000080000000, 0x0000000100000000)
  region size 1024K, 23 young (23552K), 22 survivors (22528K)
 Metaspace       used 94459K, committed 95104K, reserved 1138688K
  class space    used 12811K, committed 13120K, reserved 1048576K
}
Event: 31.194 GC heap after
{Heap after GC invocations=47 (full 0):
 garbage-first heap   total 368640K, used 124247K [0x0000000080000000, 0x0000000100000000)
  region size 1024K, 2 young (2048K), 2 survivors (2048K)
 Metaspace       used 94459K, committed 95104K, reserved 1138688K
  class space    used 12811K, committed 13120K, reserved 1048576K
}
Event: 33.035 GC heap before
{Heap before GC invocations=47 (full 0):
 garbage-first heap   total 368640K, used 342359K [0x0000000080000000, 0x0000000100000000)
  region size 1024K, 143 young (146432K), 2 survivors (2048K)
 Metaspace       used 98026K, committed 98688K, reserved 1138688K
  class space    used 13320K, committed 13632K, reserved 1048576K
}
Event: 33.085 GC heap after
{Heap after GC invocations=48 (full 0):
 garbage-first heap   total 399360K, used 218021K [0x0000000080000000, 0x0000000100000000)
  region size 1024K, 20 young (20480K), 20 survivors (20480K)
 Metaspace       used 98026K, committed 98688K, reserved 1138688K
  class space    used 13320K, committed 13632K, reserved 1048576K
}
Event: 33.770 GC heap before
{Heap before GC invocations=48 (full 0):
 garbage-first heap   total 399360K, used 308133K [0x0000000080000000, 0x0000000100000000)
  region size 1024K, 108 young (110592K), 20 survivors (20480K)
 Metaspace       used 100803K, committed 101568K, reserved 1138688K
  class space    used 13872K, committed 14272K, reserved 1048576K
}
Event: 33.846 GC heap after
{Heap after GC invocations=49 (full 0):
 garbage-first heap   total 399360K, used 259028K [0x0000000080000000, 0x0000000100000000)
  region size 1024K, 14 young (14336K), 14 survivors (14336K)
 Metaspace       used 100803K, committed 101568K, reserved 1138688K
  class space    used 13872K, committed 14272K, reserved 1048576K
}
Event: 34.101 GC heap before
{Heap before GC invocations=49 (full 0):
 garbage-first heap   total 399360K, used 311252K [0x0000000080000000, 0x0000000100000000)
  region size 1024K, 66 young (67584K), 14 survivors (14336K)
 Metaspace       used 100849K, committed 101632K, reserved 1138688K
  class space    used 13872K, committed 14272K, reserved 1048576K
}
Event: 34.160 GC heap after
{Heap after GC invocations=50 (full 0):
 garbage-first heap   total 399360K, used 286207K [0x0000000080000000, 0x0000000100000000)
  region size 1024K, 9 young (9216K), 9 survivors (9216K)
 Metaspace       used 100849K, committed 101632K, reserved 1138688K
  class space    used 13872K, committed 14272K, reserved 1048576K
}
Event: 34.350 GC heap before
{Heap before GC invocations=50 (full 0):
 garbage-first heap   total 399360K, used 321023K [0x0000000080000000, 0x0000000100000000)
  region size 1024K, 44 young (45056K), 9 survivors (9216K)
 Metaspace       used 100917K, committed 101696K, reserved 1138688K
  class space    used 13883K, committed 14272K, reserved 1048576K
}
Event: 34.389 GC heap after
{Heap after GC invocations=51 (full 0):
 garbage-first heap   total 399360K, used 305663K [0x0000000080000000, 0x0000000100000000)
  region size 1024K, 6 young (6144K), 6 survivors (6144K)
 Metaspace       used 100917K, committed 101696K, reserved 1138688K
  class space    used 13883K, committed 14272K, reserved 1048576K
}
Event: 34.550 GC heap before
{Heap before GC invocations=51 (full 0):
 garbage-first heap   total 399360K, used 330239K [0x0000000080000000, 0x0000000100000000)
  region size 1024K, 30 young (30720K), 6 survivors (6144K)
 Metaspace       used 100922K, committed 101696K, reserved 1138688K
  class space    used 13883K, committed 14272K, reserved 1048576K
}

